<?xml version="1.0" encoding="UTF-8"?>
<testng-results skipped="0" failed="0" ignored="0" total="1" passed="1">
  <reporter-output>
  </reporter-output>
  <suite name="Default suite" duration-ms="34" started-at="2018-10-13T14:53:58Z" finished-at="2018-10-13T14:53:58Z">
    <groups>
    </groups>
    <test name="Default test" duration-ms="34" started-at="2018-10-13T14:53:58Z" finished-at="2018-10-13T14:53:58Z">
      <class name="Regression">
        <test-method status="PASS" signature="display()[pri:0, instance:Regression@1810399e]" name="display" duration-ms="12" started-at="2018-10-13T14:53:58Z" finished-at="2018-10-13T14:53:58Z">
          <reporter-output>
          </reporter-output>
        </test-method> <!-- display -->
      </class> <!-- Regression -->
    </test> <!-- Default test -->
  </suite> <!-- Default suite -->
</testng-results>
